<?xml version="1.0" encoding="UTF-8"?>
<!-- Generated by org.testng.reporters.JUnitReportReporter -->
<testsuite skipped="0" hostname="HONEY24" name="com.google.tests.GoogleHomePageTest" tests="2" failures="0" timestamp="21 Feb 2018 22:30:32 GMT" time="34.038" errors="0">
  <testcase name="test" time="15.229" classname="com.google.tests.GoogleHomePageTest"/>
  <testcase name="verifyGooglePageTittle" time="18.809" classname="com.google.tests.GoogleHomePageTest"/>
</testsuite> <!-- com.google.tests.GoogleHomePageTest -->
